This is XeTeX, Version 3.141592653-2.6-0.999995 (TeX Live 2023) (preloaded format=xelatex 2024.1.15)  16 JAN 2024 17:16
entering extended mode
 restricted \write18 enabled.
 %&-line parsing enabled.
**SCD-Methods-Guide.tex
(./SCD-Methods-Guide.tex
LaTeX2e <2023-11-01>
L3 programming layer <2024-01-04>
(c:/Users/C-ama/AppData/Roaming/TinyTeX/texmf-dist/tex/latex/base/book.cls
Document Class: book 2023/05/17 v1.4n Standard LaTeX document class
(c:/Users/C-ama/AppData/Roaming/TinyTeX/texmf-dist/tex/latex/base/bk10.clo
File: bk10.clo 2023/05/17 v1.4n Standard LaTeX file (size option)
)
\c@part=\count183
\c@chapter=\count184
\c@section=\count185
\c@subsection=\count186
\c@subsubsection=\count187
\c@paragraph=\count188
\c@subparagraph=\count189
\c@figure=\count190
\c@table=\count191
\abovecaptionskip=\skip48
\belowcaptionskip=\skip49
\bibindent=\dimen140
) (c:/Users/C-ama/AppData/Roaming/TinyTeX/texmf-dist/tex/latex/amsmath/amsmath.sty
Package: amsmath 2023/05/13 v2.17o AMS math features
\@mathmargin=\skip50
For additional information on amsmath, use the `?' option.
(c:/Users/C-ama/AppData/Roaming/TinyTeX/texmf-dist/tex/latex/amsmath/amstext.sty
Package: amstext 2021/08/26 v2.01 AMS text
(c:/Users/C-ama/AppData/Roaming/TinyTeX/texmf-dist/tex/latex/amsmath/amsgen.sty
File: amsgen.sty 1999/11/30 v2.0 generic functions
\@emptytoks=\toks17
\ex@=\dimen141
)) (c:/Users/C-ama/AppData/Roaming/TinyTeX/texmf-dist/tex/latex/amsmath/amsbsy.sty
Package: amsbsy 1999/11/29 v1.2d Bold Symbols
\pmbraise@=\dimen142
) (c:/Users/C-ama/AppData/Roaming/TinyTeX/texmf-dist/tex/latex/amsmath/amsopn.sty
Package: amsopn 2022/04/08 v2.04 operator names
)
\inf@bad=\count192
LaTeX Info: Redefining \frac on input line 234.
\uproot@=\count193
\leftroot@=\count194
LaTeX Info: Redefining \overline on input line 399.
LaTeX Info: Redefining \colon on input line 410.
\classnum@=\count195
\DOTSCASE@=\count196
LaTeX Info: Redefining \ldots on input line 496.
LaTeX Info: Redefining \dots on input line 499.
LaTeX Info: Redefining \cdots on input line 620.
\Mathstrutbox@=\box51
\strutbox@=\box52
LaTeX Info: Redefining \big on input line 722.
LaTeX Info: Redefining \Big on input line 723.
LaTeX Info: Redefining \bigg on input line 724.
LaTeX Info: Redefining \Bigg on input line 725.
\big@size=\dimen143
LaTeX Font Info:    Redeclaring font encoding OML on input line 743.
LaTeX Font Info:    Redeclaring font encoding OMS on input line 744.
\macc@depth=\count197
LaTeX Info: Redefining \bmod on input line 905.
LaTeX Info: Redefining \pmod on input line 910.
LaTeX Info: Redefining \smash on input line 940.
LaTeX Info: Redefining \relbar on input line 970.
LaTeX Info: Redefining \Relbar on input line 971.
\c@MaxMatrixCols=\count198
\dotsspace@=\muskip16
\c@parentequation=\count199
\dspbrk@lvl=\count266
\tag@help=\toks18
\row@=\count267
\column@=\count268
\maxfields@=\count269
\andhelp@=\toks19
\eqnshift@=\dimen144
\alignsep@=\dimen145
\tagshift@=\dimen146
\tagwidth@=\dimen147
\totwidth@=\dimen148
\lineht@=\dimen149
\@envbody=\toks20
\multlinegap=\skip51
\multlinetaggap=\skip52
\mathdisplay@stack=\toks21
LaTeX Info: Redefining \[ on input line 2953.
LaTeX Info: Redefining \] on input line 2954.
) (c:/Users/C-ama/AppData/Roaming/TinyTeX/texmf-dist/tex/latex/amsfonts/amssymb.sty
Package: amssymb 2013/01/14 v3.01 AMS font symbols
(c:/Users/C-ama/AppData/Roaming/TinyTeX/texmf-dist/tex/latex/amsfonts/amsfonts.sty
Package: amsfonts 2013/01/14 v3.01 Basic AMSFonts support
\symAMSa=\mathgroup4
\symAMSb=\mathgroup5
LaTeX Font Info:    Redeclaring math symbol \hbar on input line 98.
LaTeX Font Info:    Overwriting math alphabet `\mathfrak' in version `bold'
(Font)                  U/euf/m/n --> U/euf/b/n on input line 106.
)) (c:/Users/C-ama/AppData/Roaming/TinyTeX/texmf-dist/tex/generic/iftex/iftex.sty
Package: iftex 2022/02/03 v1.0f TeX engine tests
) (c:/Users/C-ama/AppData/Roaming/TinyTeX/texmf-dist/tex/latex/unicode-math/unicode-math.sty (c:/Users/C-ama/AppData/Roaming/TinyTeX/texmf-dist/tex/latex/l3kernel/expl3.sty
Package: expl3 2024-01-04 L3 programming layer (loader) 
(c:/Users/C-ama/AppData/Roaming/TinyTeX/texmf-dist/tex/latex/l3backend/l3backend-xetex.def
File: l3backend-xetex.def 2024-01-04 L3 backend support: XeTeX
\g__graphics_track_int=\count270
\l__pdf_internal_box=\box53
\g__pdf_backend_object_int=\count271
\g__pdf_backend_annotation_int=\count272
\g__pdf_backend_link_int=\count273
))
Package: unicode-math 2023/08/13 v0.8r Unicode maths in XeLaTeX and LuaLaTeX
(c:/Users/C-ama/AppData/Roaming/TinyTeX/texmf-dist/tex/latex/unicode-math/unicode-math-xetex.sty
Package: unicode-math-xetex 2023/08/13 v0.8r Unicode maths in XeLaTeX and LuaLaTeX
(c:/Users/C-ama/AppData/Roaming/TinyTeX/texmf-dist/tex/latex/l3packages/xparse/xparse.sty
Package: xparse 2023-10-10 L3 Experimental document command parser
) (c:/Users/C-ama/AppData/Roaming/TinyTeX/texmf-dist/tex/latex/l3packages/l3keys2e/l3keys2e.sty
Package: l3keys2e 2023-10-10 LaTeX2e option processing using LaTeX3 keys
) (c:/Users/C-ama/AppData/Roaming/TinyTeX/texmf-dist/tex/latex/fontspec/fontspec.sty
Package: fontspec 2022/01/15 v2.8a Font selection for XeLaTeX and LuaLaTeX
(c:/Users/C-ama/AppData/Roaming/TinyTeX/texmf-dist/tex/latex/fontspec/fontspec-xetex.sty
Package: fontspec-xetex 2022/01/15 v2.8a Font selection for XeLaTeX and LuaLaTeX
\l__fontspec_script_int=\count274
\l__fontspec_language_int=\count275
\l__fontspec_strnum_int=\count276
\l__fontspec_tmp_int=\count277
\l__fontspec_tmpa_int=\count278
\l__fontspec_tmpb_int=\count279
\l__fontspec_tmpc_int=\count280
\l__fontspec_em_int=\count281
\l__fontspec_emdef_int=\count282
\l__fontspec_strong_int=\count283
\l__fontspec_strongdef_int=\count284
\l__fontspec_tmpa_dim=\dimen150
\l__fontspec_tmpb_dim=\dimen151
\l__fontspec_tmpc_dim=\dimen152
(c:/Users/C-ama/AppData/Roaming/TinyTeX/texmf-dist/tex/latex/base/fontenc.sty
Package: fontenc 2021/04/29 v2.0v Standard LaTeX package
) (c:/Users/C-ama/AppData/Roaming/TinyTeX/texmf-dist/tex/latex/fontspec/fontspec.cfg))) (c:/Users/C-ama/AppData/Roaming/TinyTeX/texmf-dist/tex/latex/base/fix-cm.sty
Package: fix-cm 2020/11/24 v1.1t fixes to LaTeX
(c:/Users/C-ama/AppData/Roaming/TinyTeX/texmf-dist/tex/latex/base/ts1enc.def
File: ts1enc.def 2001/06/05 v3.0e (jk/car/fm) Standard LaTeX file
LaTeX Font Info:    Redeclaring font encoding TS1 on input line 47.
))
\g__um_fam_int=\count285
\g__um_fonts_used_int=\count286
\l__um_primecount_int=\count287
\g__um_primekern_muskip=\muskip17
(c:/Users/C-ama/AppData/Roaming/TinyTeX/texmf-dist/tex/latex/unicode-math/unicode-math-table.tex))) (c:/Users/C-ama/AppData/Roaming/TinyTeX/texmf-dist/tex/latex/lm/lmodern.sty
Package: lmodern 2015/05/01 v1.6.1 Latin Modern Fonts
LaTeX Font Info:    Overwriting symbol font `operators' in version `normal'
(Font)                  OT1/cmr/m/n --> OT1/lmr/m/n on input line 22.
LaTeX Font Info:    Overwriting symbol font `letters' in version `normal'
(Font)                  OML/cmm/m/it --> OML/lmm/m/it on input line 23.
LaTeX Font Info:    Overwriting symbol font `symbols' in version `normal'
(Font)                  OMS/cmsy/m/n --> OMS/lmsy/m/n on input line 24.
LaTeX Font Info:    Overwriting symbol font `largesymbols' in version `normal'
(Font)                  OMX/cmex/m/n --> OMX/lmex/m/n on input line 25.
LaTeX Font Info:    Overwriting symbol font `operators' in version `bold'
(Font)                  OT1/cmr/bx/n --> OT1/lmr/bx/n on input line 26.
LaTeX Font Info:    Overwriting symbol font `letters' in version `bold'
(Font)                  OML/cmm/b/it --> OML/lmm/b/it on input line 27.
LaTeX Font Info:    Overwriting symbol font `symbols' in version `bold'
(Font)                  OMS/cmsy/b/n --> OMS/lmsy/b/n on input line 28.
LaTeX Font Info:    Overwriting symbol font `largesymbols' in version `bold'
(Font)                  OMX/cmex/m/n --> OMX/lmex/m/n on input line 29.
LaTeX Font Info:    Overwriting math alphabet `\mathbf' in version `normal'
(Font)                  OT1/cmr/bx/n --> OT1/lmr/bx/n on input line 31.
LaTeX Font Info:    Overwriting math alphabet `\mathsf' in version `normal'
(Font)                  OT1/cmss/m/n --> OT1/lmss/m/n on input line 32.
LaTeX Font Info:    Overwriting math alphabet `\mathit' in version `normal'
(Font)                  OT1/cmr/m/it --> OT1/lmr/m/it on input line 33.
LaTeX Font Info:    Overwriting math alphabet `\mathtt' in version `normal'
(Font)                  OT1/cmtt/m/n --> OT1/lmtt/m/n on input line 34.
LaTeX Font Info:    Overwriting math alphabet `\mathbf' in version `bold'
(Font)                  OT1/cmr/bx/n --> OT1/lmr/bx/n on input line 35.
LaTeX Font Info:    Overwriting math alphabet `\mathsf' in version `bold'
(Font)                  OT1/cmss/bx/n --> OT1/lmss/bx/n on input line 36.
LaTeX Font Info:    Overwriting math alphabet `\mathit' in version `bold'
(Font)                  OT1/cmr/bx/it --> OT1/lmr/bx/it on input line 37.
LaTeX Font Info:    Overwriting math alphabet `\mathtt' in version `bold'
(Font)                  OT1/cmtt/m/n --> OT1/lmtt/m/n on input line 38.
) (c:/Users/C-ama/AppData/Roaming/TinyTeX/texmf-dist/tex/latex/parskip/parskip.sty
Package: parskip 2021-03-14 v2.0h non-zero parskip adjustments
(c:/Users/C-ama/AppData/Roaming/TinyTeX/texmf-dist/tex/latex/kvoptions/kvoptions.sty
Package: kvoptions 2022-06-15 v3.15 Key value format for package options (HO)
(c:/Users/C-ama/AppData/Roaming/TinyTeX/texmf-dist/tex/latex/graphics/keyval.sty
Package: keyval 2022/05/29 v1.15 key=value parser (DPC)
\KV@toks@=\toks22
) (c:/Users/C-ama/AppData/Roaming/TinyTeX/texmf-dist/tex/generic/ltxcmds/ltxcmds.sty
Package: ltxcmds 2023-12-04 v1.26 LaTeX kernel commands for general use (HO)
) (c:/Users/C-ama/AppData/Roaming/TinyTeX/texmf-dist/tex/latex/kvsetkeys/kvsetkeys.sty
Package: kvsetkeys 2022-10-05 v1.19 Key value parser (HO)
)) (c:/Users/C-ama/AppData/Roaming/TinyTeX/texmf-dist/tex/latex/etoolbox/etoolbox.sty
Package: etoolbox 2020/10/05 v2.5k e-TeX tools for LaTeX (JAW)
\etb@tempcnta=\count288
)) (c:/Users/C-ama/AppData/Roaming/TinyTeX/texmf-dist/tex/latex/xcolor/xcolor.sty
Package: xcolor 2023/11/15 v3.01 LaTeX color extensions (UK)
(c:/Users/C-ama/AppData/Roaming/TinyTeX/texmf-dist/tex/latex/graphics-cfg/color.cfg
File: color.cfg 2016/01/02 v1.6 sample color configuration
)
Package xcolor Info: Driver file: xetex.def on input line 274.
(c:/Users/C-ama/AppData/Roaming/TinyTeX/texmf-dist/tex/latex/graphics-def/xetex.def
File: xetex.def 2022/09/22 v5.0n Graphics/color driver for xetex
) (c:/Users/C-ama/AppData/Roaming/TinyTeX/texmf-dist/tex/latex/graphics/mathcolor.ltx)
Package xcolor Info: Model `cmy' substituted by `cmy0' on input line 1350.
Package xcolor Info: Model `RGB' extended on input line 1366.
Package xcolor Info: Model `HTML' substituted by `rgb' on input line 1368.
Package xcolor Info: Model `Hsb' substituted by `hsb' on input line 1369.
Package xcolor Info: Model `tHsb' substituted by `hsb' on input line 1370.
Package xcolor Info: Model `HSB' substituted by `hsb' on input line 1371.
Package xcolor Info: Model `Gray' substituted by `gray' on input line 1372.
Package xcolor Info: Model `wave' substituted by `hsb' on input line 1373.
) (c:/Users/C-ama/AppData/Roaming/TinyTeX/texmf-dist/tex/latex/fancyvrb/fancyvrb.sty
Package: fancyvrb 2023/11/06 4.5b verbatim text (tvz,hv)
\FV@CodeLineNo=\count289
\FV@InFile=\read2
\FV@TabBox=\box54
\c@FancyVerbLine=\count290
\FV@StepNumber=\count291
\FV@OutFile=\write3
) (c:/Users/C-ama/AppData/Roaming/TinyTeX/texmf-dist/tex/latex/framed/framed.sty
Package: framed 2011/10/22 v 0.96: framed or shaded text with page breaks
\OuterFrameSep=\skip53
\fb@frw=\dimen153
\fb@frh=\dimen154
\FrameRule=\dimen155
\FrameSep=\dimen156
) (c:/Users/C-ama/AppData/Roaming/TinyTeX/texmf-dist/tex/latex/tools/longtable.sty
Package: longtable 2023-11-01 v4.19 Multi-page Table package (DPC)
\LTleft=\skip54
\LTright=\skip55
\LTpre=\skip56
\LTpost=\skip57
\LTchunksize=\count292
\LTcapwidth=\dimen157
\LT@head=\box55
\LT@firsthead=\box56
\LT@foot=\box57
\LT@lastfoot=\box58
\LT@gbox=\box59
\LT@cols=\count293
\LT@rows=\count294
\c@LT@tables=\count295
\c@LT@chunks=\count296
\LT@p@ftn=\toks23
) (c:/Users/C-ama/AppData/Roaming/TinyTeX/texmf-dist/tex/latex/booktabs/booktabs.sty
Package: booktabs 2020/01/12 v1.61803398 Publication quality tables
\heavyrulewidth=\dimen158
\lightrulewidth=\dimen159
\cmidrulewidth=\dimen160
\belowrulesep=\dimen161
\belowbottomsep=\dimen162
\aboverulesep=\dimen163
\abovetopsep=\dimen164
\cmidrulesep=\dimen165
\cmidrulekern=\dimen166
\defaultaddspace=\dimen167
\@cmidla=\count297
\@cmidlb=\count298
\@aboverulesep=\dimen168
\@belowrulesep=\dimen169
\@thisruleclass=\count299
\@lastruleclass=\count300
\@thisrulewidth=\dimen170
) (c:/Users/C-ama/AppData/Roaming/TinyTeX/texmf-dist/tex/latex/tools/array.sty
Package: array 2023/10/16 v2.5g Tabular extension package (FMi)
\col@sep=\dimen171
\ar@mcellbox=\box60
\extrarowheight=\dimen172
\NC@list=\toks24
\extratabsurround=\skip58
\backup@length=\skip59
\ar@cellbox=\box61
) (c:/Users/C-ama/AppData/Roaming/TinyTeX/texmf-dist/tex/latex/tools/calc.sty
Package: calc 2023/07/08 v4.3 Infix arithmetic (KKT,FJ)
\calc@Acount=\count301
\calc@Bcount=\count302
\calc@Adimen=\dimen173
\calc@Bdimen=\dimen174
\calc@Askip=\skip60
\calc@Bskip=\skip61
LaTeX Info: Redefining \setlength on input line 80.
LaTeX Info: Redefining \addtolength on input line 81.
\calc@Ccount=\count303
\calc@Cskip=\skip62
) (c:/Users/C-ama/AppData/Roaming/TinyTeX/texmf-dist/tex/latex/mdwtools/footnote.sty
Package: footnote 1997/01/28 1.13 Save footnotes around boxes
\fn@notes=\box62
\fn@width=\dimen175
) (c:/Users/C-ama/AppData/Roaming/TinyTeX/texmf-dist/tex/latex/graphics/graphicx.sty
Package: graphicx 2021/09/16 v1.2d Enhanced LaTeX Graphics (DPC,SPQR)
(c:/Users/C-ama/AppData/Roaming/TinyTeX/texmf-dist/tex/latex/graphics/graphics.sty
Package: graphics 2022/03/10 v1.4e Standard LaTeX Graphics (DPC,SPQR)
(c:/Users/C-ama/AppData/Roaming/TinyTeX/texmf-dist/tex/latex/graphics/trig.sty
Package: trig 2021/08/11 v1.11 sin cos tan (DPC)
) (c:/Users/C-ama/AppData/Roaming/TinyTeX/texmf-dist/tex/latex/graphics-cfg/graphics.cfg
File: graphics.cfg 2016/06/04 v1.11 sample graphics configuration
)
Package graphics Info: Driver file: xetex.def on input line 107.
)
\Gin@req@height=\dimen176
\Gin@req@width=\dimen177
) (c:/Users/C-ama/AppData/Roaming/TinyTeX/texmf-dist/tex/latex/amscls/amsthm.sty
Package: amsthm 2020/05/29 v2.20.6
\thm@style=\toks25
\thm@bodyfont=\toks26
\thm@headfont=\toks27
\thm@notefont=\toks28
\thm@headpunct=\toks29
\thm@preskip=\skip63
\thm@postskip=\skip64
\thm@headsep=\skip65
\dth@everypar=\toks30
) (c:/Users/C-ama/AppData/Roaming/TinyTeX/texmf-dist/tex/latex/pdflscape/pdflscape.sty
Package: pdflscape 2022-10-27 v0.13 Display of landscape pages in PDF
(c:/Users/C-ama/AppData/Roaming/TinyTeX/texmf-dist/tex/latex/pdflscape/pdflscape-nometadata.sty
Package: pdflscape-nometadata 2022-10-28 v0.13 Display of landscape pages in PDF (HO)
(c:/Users/C-ama/AppData/Roaming/TinyTeX/texmf-dist/tex/latex/graphics/lscape.sty
Package: lscape 2020/05/28 v3.02 Landscape Pages (DPC)
)
Package pdflscape Info: Auto-detected driver: dvipdfm (xetex) on input line 98.
)) (c:/Users/C-ama/AppData/Roaming/TinyTeX/texmf-dist/tex/latex/multirow/multirow.sty
Package: multirow 2021/03/15 v2.8 Span multiple rows of a table
\multirow@colwidth=\skip66
\multirow@cntb=\count304
\multirow@dima=\skip67
\bigstrutjot=\dimen178
) (c:/Users/C-ama/AppData/Roaming/TinyTeX/texmf-dist/tex/latex/fancyhdr/fancyhdr.sty
Package: fancyhdr 2022/11/09 v4.1 Extensive control of page headers and footers
\f@nch@headwidth=\skip68
\f@nch@O@elh=\skip69
\f@nch@O@erh=\skip70
\f@nch@O@olh=\skip71
\f@nch@O@orh=\skip72
\f@nch@O@elf=\skip73
\f@nch@O@erf=\skip74
\f@nch@O@olf=\skip75
\f@nch@O@orf=\skip76
) (c:/Users/C-ama/AppData/Roaming/TinyTeX/texmf-dist/tex/latex/wrapfig/wrapfig.sty
\wrapoverhang=\dimen179
\WF@size=\dimen180
\c@WF@wrappedlines=\count305
\WF@box=\box63
\WF@everypar=\toks31
Package: wrapfig 2003/01/31  v 3.6
) (c:/Users/C-ama/AppData/Roaming/TinyTeX/texmf-dist/tex/latex/float/float.sty
Package: float 2001/11/08 v1.3d Float enhancements (AL)
\c@float@type=\count306
\float@exts=\toks32
\float@box=\box64
\@float@everytoks=\toks33
\@floatcapt=\box65
) (c:/Users/C-ama/AppData/Roaming/TinyTeX/texmf-dist/tex/latex/colortbl/colortbl.sty
Package: colortbl 2022/06/20 v1.0f Color table columns (DPC)
\everycr=\toks34
\minrowclearance=\skip77
\rownum=\count307
) (c:/Users/C-ama/AppData/Roaming/TinyTeX/texmf-dist/tex/latex/tabu/tabu.sty
Package: tabu 2019/01/11 v2.9 - flexible LaTeX tabulars (FC+tabu-fixed)
(c:/Users/C-ama/AppData/Roaming/TinyTeX/texmf-dist/tex/latex/varwidth/varwidth.sty
Package: varwidth 2009/03/30 ver 0.92;  Variable-width minipages
\@vwid@box=\box66
\sift@deathcycles=\count308
\@vwid@loff=\dimen181
\@vwid@roff=\dimen182
)
\c@taburow=\count309
\tabu@nbcols=\count310
\tabu@cnt=\count311
\tabu@Xcol=\count312
\tabu@alloc=\count313
\tabu@nested=\count314
\tabu@target=\dimen183
\tabu@spreadtarget=\dimen184
\tabu@naturalX=\dimen185
\tabucolX=\dimen186
\tabu@Xsum=\dimen187
\extrarowdepth=\dimen188
\abovetabulinesep=\dimen189
\belowtabulinesep=\dimen190
\tabustrutrule=\dimen191
\tabu@thebody=\toks35
\tabu@footnotes=\toks36
\tabu@box=\box67
\tabu@arstrutbox=\box68
\tabu@hleads=\box69
\tabu@vleads=\box70
\tabu@cellskip=\skip78
) (c:/Users/C-ama/AppData/Roaming/TinyTeX/texmf-dist/tex/latex/threeparttable/threeparttable.sty
Package: threeparttable 2003/06/13  v 3.0
\@tempboxb=\box71
) (c:/Users/C-ama/AppData/Roaming/TinyTeX/texmf-dist/tex/latex/threeparttablex/threeparttablex.sty
Package: threeparttablex 2013/07/23 v0.3 by daleif
(c:/Users/C-ama/AppData/Roaming/TinyTeX/texmf-dist/tex/latex/environ/environ.sty
Package: environ 2014/05/04 v0.3 A new way to define environments
(c:/Users/C-ama/AppData/Roaming/TinyTeX/texmf-dist/tex/latex/trimspaces/trimspaces.sty
Package: trimspaces 2009/09/17 v1.1 Trim spaces around a token list
))
\TPTL@width=\skip79
) (c:/Users/C-ama/AppData/Roaming/TinyTeX/texmf-dist/tex/generic/ulem/ulem.sty
\UL@box=\box72
\UL@hyphenbox=\box73
\UL@skip=\skip80
\UL@hook=\toks37
\UL@height=\dimen192
\UL@pe=\count315
\UL@pixel=\dimen193
\ULC@box=\box74
Package: ulem 2019/11/18
\ULdepth=\dimen194
) (c:/Users/C-ama/AppData/Roaming/TinyTeX/texmf-dist/tex/latex/makecell/makecell.sty
Package: makecell 2009/08/03 V0.1e Managing of Tab Column Heads and Cells
\rotheadsize=\dimen195
\c@nlinenum=\count316
\TeXr@lab=\toks38
) (c:/Users/C-ama/AppData/Roaming/TinyTeX/texmf-dist/tex/latex/natbib/natbib.sty
Package: natbib 2010/09/13 8.31b (PWD, AO)
\bibhang=\skip81
\bibsep=\skip82
LaTeX Info: Redefining \cite on input line 694.
\c@NAT@ctr=\count317
) (c:/Users/C-ama/AppData/Roaming/TinyTeX/texmf-dist/tex/latex/hyperref/hyperref.sty
Package: hyperref 2023-11-26 v7.01g Hypertext links for LaTeX
(c:/Users/C-ama/AppData/Roaming/TinyTeX/texmf-dist/tex/generic/infwarerr/infwarerr.sty
Package: infwarerr 2019/12/03 v1.5 Providing info/warning/error messages (HO)
) (c:/Users/C-ama/AppData/Roaming/TinyTeX/texmf-dist/tex/generic/kvdefinekeys/kvdefinekeys.sty
Package: kvdefinekeys 2019-12-19 v1.6 Define keys (HO)
) (c:/Users/C-ama/AppData/Roaming/TinyTeX/texmf-dist/tex/generic/pdfescape/pdfescape.sty
Package: pdfescape 2019/12/09 v1.15 Implements pdfTeX's escape features (HO)
(c:/Users/C-ama/AppData/Roaming/TinyTeX/texmf-dist/tex/generic/pdftexcmds/pdftexcmds.sty
Package: pdftexcmds 2020-06-27 v0.33 Utility functions of pdfTeX for LuaTeX (HO)
Package pdftexcmds Info: \pdf@primitive is available.
Package pdftexcmds Info: \pdf@ifprimitive is available.
Package pdftexcmds Info: \pdfdraftmode not found.
)) (c:/Users/C-ama/AppData/Roaming/TinyTeX/texmf-dist/tex/latex/hycolor/hycolor.sty
Package: hycolor 2020-01-27 v1.10 Color options for hyperref/bookmark (HO)
) (c:/Users/C-ama/AppData/Roaming/TinyTeX/texmf-dist/tex/latex/letltxmacro/letltxmacro.sty
Package: letltxmacro 2019/12/03 v1.6 Let assignment for LaTeX macros (HO)
) (c:/Users/C-ama/AppData/Roaming/TinyTeX/texmf-dist/tex/latex/auxhook/auxhook.sty
Package: auxhook 2019-12-17 v1.6 Hooks for auxiliary files (HO)
) (c:/Users/C-ama/AppData/Roaming/TinyTeX/texmf-dist/tex/latex/hyperref/nameref.sty
Package: nameref 2023-11-26 v2.56 Cross-referencing by name of section
(c:/Users/C-ama/AppData/Roaming/TinyTeX/texmf-dist/tex/latex/refcount/refcount.sty
Package: refcount 2019/12/15 v3.6 Data extraction from label references (HO)
) (c:/Users/C-ama/AppData/Roaming/TinyTeX/texmf-dist/tex/generic/gettitlestring/gettitlestring.sty
Package: gettitlestring 2019/12/15 v1.6 Cleanup title references (HO)
)
\c@section@level=\count318
)
\@linkdim=\dimen196
\Hy@linkcounter=\count319
\Hy@pagecounter=\count320
(c:/Users/C-ama/AppData/Roaming/TinyTeX/texmf-dist/tex/latex/hyperref/pd1enc.def
File: pd1enc.def 2023-11-26 v7.01g Hyperref: PDFDocEncoding definition (HO)
) (c:/Users/C-ama/AppData/Roaming/TinyTeX/texmf-dist/tex/generic/intcalc/intcalc.sty
Package: intcalc 2019/12/15 v1.3 Expandable calculations with integers (HO)
)
\Hy@SavedSpaceFactor=\count321
(c:/Users/C-ama/AppData/Roaming/TinyTeX/texmf-dist/tex/latex/hyperref/puenc.def
File: puenc.def 2023-11-26 v7.01g Hyperref: PDF Unicode definition (HO)
)
Package hyperref Info: Option `unicode' set `true' on input line 4064.
Package hyperref Info: Hyper figures OFF on input line 4181.
Package hyperref Info: Link nesting OFF on input line 4186.
Package hyperref Info: Hyper index ON on input line 4189.
Package hyperref Info: Plain pages OFF on input line 4196.
Package hyperref Info: Backreferencing OFF on input line 4201.
Package hyperref Info: Implicit mode ON; LaTeX internals redefined.
Package hyperref Info: Bookmarks ON on input line 4448.
\c@Hy@tempcnt=\count322
(c:/Users/C-ama/AppData/Roaming/TinyTeX/texmf-dist/tex/latex/url/url.sty
\Urlmuskip=\muskip18
Package: url 2013/09/16  ver 3.4  Verb mode for urls, etc.
)
LaTeX Info: Redefining \url on input line 4786.
\XeTeXLinkMargin=\dimen197
(c:/Users/C-ama/AppData/Roaming/TinyTeX/texmf-dist/tex/generic/bitset/bitset.sty
Package: bitset 2019/12/09 v1.3 Handle bit-vector datatype (HO)
(c:/Users/C-ama/AppData/Roaming/TinyTeX/texmf-dist/tex/generic/bigintcalc/bigintcalc.sty
Package: bigintcalc 2019/12/15 v1.5 Expandable calculations on big integers (HO)
))
\Fld@menulength=\count323
\Field@Width=\dimen198
\Fld@charsize=\dimen199
Package hyperref Info: Hyper figures OFF on input line 6065.
Package hyperref Info: Link nesting OFF on input line 6070.
Package hyperref Info: Hyper index ON on input line 6073.
Package hyperref Info: backreferencing OFF on input line 6080.
Package hyperref Info: Link coloring OFF on input line 6085.
Package hyperref Info: Link coloring with OCG OFF on input line 6090.
Package hyperref Info: PDF/A mode OFF on input line 6095.
(c:/Users/C-ama/AppData/Roaming/TinyTeX/texmf-dist/tex/latex/base/atbegshi-ltx.sty
Package: atbegshi-ltx 2021/01/10 v1.0c Emulation of the original atbegshi
package with kernel methods
)
\Hy@abspage=\count324
\c@Item=\count325
\c@Hfootnote=\count326
)
Package hyperref Info: Driver (autodetected): hxetex.
(c:/Users/C-ama/AppData/Roaming/TinyTeX/texmf-dist/tex/latex/hyperref/hxetex.def
File: hxetex.def 2023-11-26 v7.01g Hyperref driver for XeTeX
(c:/Users/C-ama/AppData/Roaming/TinyTeX/texmf-dist/tex/generic/stringenc/stringenc.sty
Package: stringenc 2019/11/29 v1.12 Convert strings between diff. encodings (HO)
)
\pdfm@box=\box75
\c@Hy@AnnotLevel=\count327
\HyField@AnnotCount=\count328
\Fld@listcount=\count329
\c@bookmark@seq@number=\count330
(c:/Users/C-ama/AppData/Roaming/TinyTeX/texmf-dist/tex/latex/rerunfilecheck/rerunfilecheck.sty
Package: rerunfilecheck 2022-07-10 v1.10 Rerun checks for auxiliary files (HO)
(c:/Users/C-ama/AppData/Roaming/TinyTeX/texmf-dist/tex/latex/base/atveryend-ltx.sty
Package: atveryend-ltx 2020/08/19 v1.0a Emulation of the original atveryend package
with kernel methods
) (c:/Users/C-ama/AppData/Roaming/TinyTeX/texmf-dist/tex/generic/uniquecounter/uniquecounter.sty
Package: uniquecounter 2019/12/15 v1.4 Provide unlimited unique counter (HO)
)
Package uniquecounter Info: New unique counter `rerunfilecheck' on input line 285.
)
\Hy@SectionHShift=\skip83
) (./SCD-Methods-Guide.aux)
\openout1 = `SCD-Methods-Guide.aux'.

LaTeX Font Info:    Checking defaults for OML/cmm/m/it on input line 148.
LaTeX Font Info:    ... okay on input line 148.
LaTeX Font Info:    Checking defaults for OMS/cmsy/m/n on input line 148.
LaTeX Font Info:    ... okay on input line 148.
LaTeX Font Info:    Checking defaults for OT1/cmr/m/n on input line 148.
LaTeX Font Info:    ... okay on input line 148.
LaTeX Font Info:    Checking defaults for T1/cmr/m/n on input line 148.
LaTeX Font Info:    ... okay on input line 148.
LaTeX Font Info:    Checking defaults for TS1/cmr/m/n on input line 148.
LaTeX Font Info:    ... okay on input line 148.
LaTeX Font Info:    Checking defaults for TU/lmr/m/n on input line 148.
LaTeX Font Info:    ... okay on input line 148.
LaTeX Font Info:    Checking defaults for OMX/cmex/m/n on input line 148.
LaTeX Font Info:    ... okay on input line 148.
LaTeX Font Info:    Checking defaults for U/cmr/m/n on input line 148.
LaTeX Font Info:    ... okay on input line 148.
LaTeX Font Info:    Checking defaults for PD1/pdf/m/n on input line 148.
LaTeX Font Info:    ... okay on input line 148.
LaTeX Font Info:    Checking defaults for PU/pdf/m/n on input line 148.
LaTeX Font Info:    ... okay on input line 148.
LaTeX Font Info:    Overwriting math alphabet `\mathrm' in version `normal'
(Font)                  OT1/lmr/m/n --> TU/lmr/m/n on input line 148.
LaTeX Font Info:    Overwriting math alphabet `\mathit' in version `normal'
(Font)                  OT1/lmr/m/it --> TU/lmr/m/it on input line 148.
LaTeX Font Info:    Overwriting math alphabet `\mathbf' in version `normal'
(Font)                  OT1/lmr/bx/n --> TU/lmr/bx/n on input line 148.
LaTeX Font Info:    Overwriting math alphabet `\mathsf' in version `normal'
(Font)                  OT1/lmss/m/n --> TU/lmss/m/n on input line 148.
LaTeX Font Info:    Overwriting math alphabet `\mathsf' in version `bold'
(Font)                  OT1/lmss/bx/n --> TU/lmss/bx/n on input line 148.
LaTeX Font Info:    Overwriting math alphabet `\mathtt' in version `normal'
(Font)                  OT1/lmtt/m/n --> TU/lmtt/m/n on input line 148.
LaTeX Font Info:    Overwriting math alphabet `\mathtt' in version `bold'
(Font)                  OT1/lmtt/m/n --> TU/lmtt/bx/n on input line 148.

Package fontspec Info: latinmodern-math scale = 0.9999964596882403.


Package fontspec Info: latinmodern-math scale = 0.9999964596882403.


Package fontspec Info: latinmodern-math scale = 0.9999964596882403.


Package fontspec Info: Font family 'latinmodern-math.otf(0)' created for font
(fontspec)             'latinmodern-math.otf' with options
(fontspec)             [Scale=MatchLowercase,BoldItalicFont={},ItalicFont={},SmallCapsFont={},Script=Math,BoldFont={latinmodern-math.otf}].
(fontspec)              
(fontspec)              This font family consists of the following NFSS
(fontspec)             series/shapes:
(fontspec)              
(fontspec)             - 'normal' (m/n) with NFSS spec.:
(fontspec)             <->s*[0.9999964596882403]"[latinmodern-math.otf]/OT:script=math;language=dflt;"
(fontspec)             - 'small caps'  (m/sc) with NFSS spec.: 
(fontspec)             - 'bold' (b/n) with NFSS spec.:
(fontspec)             <->s*[0.9999964596882403]"[latinmodern-math.otf]/OT:script=math;language=dflt;"
(fontspec)             - 'bold small caps'  (b/sc) with NFSS spec.: 

LaTeX Font Info:    Font shape `TU/latinmodern-math.otf(0)/m/n' will be
(Font)              scaled to size 10.0pt on input line 148.

Package fontspec Info: latinmodern-math scale = 0.9999964596882403.


Package fontspec Info: latinmodern-math scale = 0.9999964596882403.


Package fontspec Info: latinmodern-math scale = 0.9999964596882403.


Package fontspec Info: latinmodern-math scale = 0.9999964596882403.


Package fontspec Info: latinmodern-math scale = 0.9999964596882403.


Package fontspec Info: Font family 'latinmodern-math.otf(1)' created for font
(fontspec)             'latinmodern-math.otf' with options
(fontspec)             [Scale=MatchLowercase,BoldItalicFont={},ItalicFont={},SmallCapsFont={},Script=Math,SizeFeatures={{Size=8.5-},{Size=6-8.5,Font=latinmodern-math.otf,Style=MathScript},{Size=-6,Font=latinmodern-math.otf,Style=MathScriptScript}},BoldFont={latinmodern-math.otf}].
(fontspec)              
(fontspec)              This font family consists of the following NFSS
(fontspec)             series/shapes:
(fontspec)              
(fontspec)             - 'normal' (m/n) with NFSS spec.:
(fontspec)             <8.5->s*[0.9999964596882403]"[latinmodern-math.otf]/OT:script=math;language=dflt;"<6-8.5>s*[0.9999964596882403]"[latinmodern-math.otf]/OT:script=math;language=dflt;+ssty=0;"<-6>s*[0.9999964596882403]"[latinmodern-math.otf]/OT:script=math;language=dflt;+ssty=1;"
(fontspec)             - 'small caps'  (m/sc) with NFSS spec.: 
(fontspec)             - 'bold' (b/n) with NFSS spec.:
(fontspec)             <->s*[0.9999964596882403]"[latinmodern-math.otf]/OT:script=math;language=dflt;"
(fontspec)             - 'bold small caps'  (b/sc) with NFSS spec.: 

LaTeX Font Info:    Font shape `TU/latinmodern-math.otf(1)/m/n' will be
(Font)              scaled to size 10.0pt on input line 148.
LaTeX Font Info:    Encoding `OT1' has changed to `TU' for symbol font
(Font)              `operators' in the math version `normal' on input line 148.
LaTeX Font Info:    Overwriting symbol font `operators' in version `normal'
(Font)                  OT1/lmr/m/n --> TU/latinmodern-math.otf(1)/m/n on input line 148.
LaTeX Font Info:    Encoding `OT1' has changed to `TU' for symbol font
(Font)              `operators' in the math version `bold' on input line 148.
LaTeX Font Info:    Overwriting symbol font `operators' in version `bold'
(Font)                  OT1/lmr/bx/n --> TU/latinmodern-math.otf(1)/b/n on input line 148.

Package fontspec Info: latinmodern-math scale = 0.9999964596882403.


Package fontspec Info: latinmodern-math scale = 1.000096459334209.


Package fontspec Info: latinmodern-math scale = 0.9999964596882403.


Package fontspec Info: latinmodern-math scale = 1.000096459334209.


Package fontspec Info: latinmodern-math scale = 0.9999964596882403.


Package fontspec Info: latinmodern-math scale = 1.000096459334209.


Package fontspec Info: latinmodern-math scale = 0.9999964596882403.


Package fontspec Info: latinmodern-math scale = 1.000096459334209.


Package fontspec Info: latinmodern-math scale = 0.9999964596882403.


Package fontspec Info: latinmodern-math scale = 1.000096459334209.


Package fontspec Info: Font family 'latinmodern-math.otf(2)' created for font
(fontspec)             'latinmodern-math.otf' with options
(fontspec)             [Scale=MatchLowercase,BoldItalicFont={},ItalicFont={},SmallCapsFont={},Script=Math,SizeFeatures={{Size=8.5-},{Size=6-8.5,Font=latinmodern-math.otf,Style=MathScript},{Size=-6,Font=latinmodern-math.otf,Style=MathScriptScript}},BoldFont={latinmodern-math.otf},ScaleAgain=1.0001,FontAdjustment={\fontdimen
(fontspec)             8\font =6.77pt\relax \fontdimen 9\font =3.94pt\relax
(fontspec)             \fontdimen 10\font =4.44pt\relax \fontdimen 11\font
(fontspec)             =6.86pt\relax \fontdimen 12\font =3.45pt\relax
(fontspec)             \fontdimen 13\font =3.63pt\relax \fontdimen 14\font
(fontspec)             =3.63pt\relax \fontdimen 15\font =2.89pt\relax
(fontspec)             \fontdimen 16\font =2.47pt\relax \fontdimen 17\font
(fontspec)             =2.47pt\relax \fontdimen 18\font =2.5pt\relax
(fontspec)             \fontdimen 19\font =2.0pt\relax \fontdimen 22\font
(fontspec)             =2.5pt\relax \fontdimen 20\font =0pt\relax \fontdimen
(fontspec)             21\font =0pt\relax }].
(fontspec)              
(fontspec)              This font family consists of the following NFSS
(fontspec)             series/shapes:
(fontspec)              
(fontspec)             - 'normal' (m/n) with NFSS spec.:
(fontspec)             <8.5->s*[1.000096459334209]"[latinmodern-math.otf]/OT:script=math;language=dflt;"<6-8.5>s*[1.000096459334209]"[latinmodern-math.otf]/OT:script=math;language=dflt;+ssty=0;"<-6>s*[1.000096459334209]"[latinmodern-math.otf]/OT:script=math;language=dflt;+ssty=1;"
(fontspec)             - 'small caps'  (m/sc) with NFSS spec.: 
(fontspec)             and font adjustment code:
(fontspec)             \fontdimen 8\font =6.77pt\relax \fontdimen 9\font
(fontspec)             =3.94pt\relax \fontdimen 10\font =4.44pt\relax
(fontspec)             \fontdimen 11\font =6.86pt\relax \fontdimen 12\font
(fontspec)             =3.45pt\relax \fontdimen 13\font =3.63pt\relax
(fontspec)             \fontdimen 14\font =3.63pt\relax \fontdimen 15\font
(fontspec)             =2.89pt\relax \fontdimen 16\font =2.47pt\relax
(fontspec)             \fontdimen 17\font =2.47pt\relax \fontdimen 18\font
(fontspec)             =2.5pt\relax \fontdimen 19\font =2.0pt\relax \fontdimen
(fontspec)             22\font =2.5pt\relax \fontdimen 20\font =0pt\relax
(fontspec)             \fontdimen 21\font =0pt\relax 
(fontspec)             - 'bold' (b/n) with NFSS spec.:
(fontspec)             <->s*[1.000096459334209]"[latinmodern-math.otf]/OT:script=math;language=dflt;"
(fontspec)             - 'bold small caps'  (b/sc) with NFSS spec.: 
(fontspec)             and font adjustment code:
(fontspec)             \fontdimen 8\font =6.77pt\relax \fontdimen 9\font
(fontspec)             =3.94pt\relax \fontdimen 10\font =4.44pt\relax
(fontspec)             \fontdimen 11\font =6.86pt\relax \fontdimen 12\font
(fontspec)             =3.45pt\relax \fontdimen 13\font =3.63pt\relax
(fontspec)             \fontdimen 14\font =3.63pt\relax \fontdimen 15\font
(fontspec)             =2.89pt\relax \fontdimen 16\font =2.47pt\relax
(fontspec)             \fontdimen 17\font =2.47pt\relax \fontdimen 18\font
(fontspec)             =2.5pt\relax \fontdimen 19\font =2.0pt\relax \fontdimen
(fontspec)             22\font =2.5pt\relax \fontdimen 20\font =0pt\relax
(fontspec)             \fontdimen 21\font =0pt\relax 

LaTeX Font Info:    Encoding `OMS' has changed to `TU' for symbol font
(Font)              `symbols' in the math version `normal' on input line 148.
LaTeX Font Info:    Overwriting symbol font `symbols' in version `normal'
(Font)                  OMS/lmsy/m/n --> TU/latinmodern-math.otf(2)/m/n on input line 148.
LaTeX Font Info:    Encoding `OMS' has changed to `TU' for symbol font
(Font)              `symbols' in the math version `bold' on input line 148.
LaTeX Font Info:    Overwriting symbol font `symbols' in version `bold'
(Font)                  OMS/lmsy/b/n --> TU/latinmodern-math.otf(2)/b/n on input line 148.

Package fontspec Info: latinmodern-math scale = 0.9999964596882403.


Package fontspec Info: latinmodern-math scale = 0.9998964600422715.


Package fontspec Info: latinmodern-math scale = 0.9999964596882403.


Package fontspec Info: latinmodern-math scale = 0.9998964600422715.


Package fontspec Info: latinmodern-math scale = 0.9999964596882403.


Package fontspec Info: latinmodern-math scale = 0.9998964600422715.


Package fontspec Info: latinmodern-math scale = 0.9999964596882403.


Package fontspec Info: latinmodern-math scale = 0.9998964600422715.


Package fontspec Info: latinmodern-math scale = 0.9999964596882403.


Package fontspec Info: latinmodern-math scale = 0.9998964600422715.


Package fontspec Info: Font family 'latinmodern-math.otf(3)' created for font
(fontspec)             'latinmodern-math.otf' with options
(fontspec)             [Scale=MatchLowercase,BoldItalicFont={},ItalicFont={},SmallCapsFont={},Script=Math,SizeFeatures={{Size=8.5-},{Size=6-8.5,Font=latinmodern-math.otf,Style=MathScript},{Size=-6,Font=latinmodern-math.otf,Style=MathScriptScript}},BoldFont={latinmodern-math.otf},ScaleAgain=0.9999,FontAdjustment={\fontdimen
(fontspec)             8\font =0.4pt\relax \fontdimen 9\font =2.0pt\relax
(fontspec)             \fontdimen 10\font =1.67pt\relax \fontdimen 11\font
(fontspec)             =1.11pt\relax \fontdimen 12\font =6.0pt\relax
(fontspec)             \fontdimen 13\font =0pt\relax }].
(fontspec)              
(fontspec)              This font family consists of the following NFSS
(fontspec)             series/shapes:
(fontspec)              
(fontspec)             - 'normal' (m/n) with NFSS spec.:
(fontspec)             <8.5->s*[0.9998964600422715]"[latinmodern-math.otf]/OT:script=math;language=dflt;"<6-8.5>s*[0.9998964600422715]"[latinmodern-math.otf]/OT:script=math;language=dflt;+ssty=0;"<-6>s*[0.9998964600422715]"[latinmodern-math.otf]/OT:script=math;language=dflt;+ssty=1;"
(fontspec)             - 'small caps'  (m/sc) with NFSS spec.: 
(fontspec)             and font adjustment code:
(fontspec)             \fontdimen 8\font =0.4pt\relax \fontdimen 9\font
(fontspec)             =2.0pt\relax \fontdimen 10\font =1.67pt\relax
(fontspec)             \fontdimen 11\font =1.11pt\relax \fontdimen 12\font
(fontspec)             =6.0pt\relax \fontdimen 13\font =0pt\relax 
(fontspec)             - 'bold' (b/n) with NFSS spec.:
(fontspec)             <->s*[0.9998964600422715]"[latinmodern-math.otf]/OT:script=math;language=dflt;"
(fontspec)             - 'bold small caps'  (b/sc) with NFSS spec.: 
(fontspec)             and font adjustment code:
(fontspec)             \fontdimen 8\font =0.4pt\relax \fontdimen 9\font
(fontspec)             =2.0pt\relax \fontdimen 10\font =1.67pt\relax
(fontspec)             \fontdimen 11\font =1.11pt\relax \fontdimen 12\font
(fontspec)             =6.0pt\relax \fontdimen 13\font =0pt\relax 

LaTeX Font Info:    Encoding `OMX' has changed to `TU' for symbol font
(Font)              `largesymbols' in the math version `normal' on input line 148.
LaTeX Font Info:    Overwriting symbol font `largesymbols' in version `normal'
(Font)                  OMX/lmex/m/n --> TU/latinmodern-math.otf(3)/m/n on input line 148.
LaTeX Font Info:    Encoding `OMX' has changed to `TU' for symbol font
(Font)              `largesymbols' in the math version `bold' on input line 148.
LaTeX Font Info:    Overwriting symbol font `largesymbols' in version `bold'
(Font)                  OMX/lmex/m/n --> TU/latinmodern-math.otf(3)/b/n on input line 148.
Package hyperref Info: Link coloring OFF on input line 148.
(./SCD-Methods-Guide.out) (./SCD-Methods-Guide.out)
\@outlinefile=\write4
\openout4 = `SCD-Methods-Guide.out'.

LaTeX Font Info:    Font shape `TU/latinmodern-math.otf(1)/m/n' will be
(Font)              scaled to size 12.0pt on input line 150.
LaTeX Font Info:    Font shape `TU/latinmodern-math.otf(1)/m/n' will be
(Font)              scaled to size 8.0pt on input line 150.
LaTeX Font Info:    Font shape `TU/latinmodern-math.otf(1)/m/n' will be
(Font)              scaled to size 6.0pt on input line 150.
LaTeX Font Info:    Trying to load font information for OML+lmm on input line 150.
(c:/Users/C-ama/AppData/Roaming/TinyTeX/texmf-dist/tex/latex/lm/omllmm.fd
File: omllmm.fd 2015/05/01 v1.6.1 Font defs for Latin Modern
)
LaTeX Font Info:    Font shape `TU/latinmodern-math.otf(2)/m/n' will be
(Font)              scaled to size 12.0011pt on input line 150.
LaTeX Font Info:    Font shape `TU/latinmodern-math.otf(2)/m/n' will be
(Font)              scaled to size 8.00073pt on input line 150.
LaTeX Font Info:    Font shape `TU/latinmodern-math.otf(2)/m/n' will be
(Font)              scaled to size 6.00055pt on input line 150.
LaTeX Font Info:    Font shape `TU/latinmodern-math.otf(3)/m/n' will be
(Font)              scaled to size 11.99872pt on input line 150.
LaTeX Font Info:    Font shape `TU/latinmodern-math.otf(3)/m/n' will be
(Font)              scaled to size 7.99915pt on input line 150.
LaTeX Font Info:    Font shape `TU/latinmodern-math.otf(3)/m/n' will be
(Font)              scaled to size 5.99936pt on input line 150.
LaTeX Font Info:    Trying to load font information for U+msa on input line 150.
(c:/Users/C-ama/AppData/Roaming/TinyTeX/texmf-dist/tex/latex/amsfonts/umsa.fd
File: umsa.fd 2013/01/14 v3.01 AMS symbols A
)
LaTeX Font Info:    Trying to load font information for U+msb on input line 150.
(c:/Users/C-ama/AppData/Roaming/TinyTeX/texmf-dist/tex/latex/amsfonts/umsb.fd
File: umsb.fd 2013/01/14 v3.01 AMS symbols B
) [1


] [2

] (./SCD-Methods-Guide.toc
LaTeX Font Info:    Font shape `TU/latinmodern-math.otf(1)/m/n' will be
(Font)              scaled to size 7.0pt on input line 2.
LaTeX Font Info:    Font shape `TU/latinmodern-math.otf(1)/m/n' will be
(Font)              scaled to size 5.0pt on input line 2.
LaTeX Font Info:    Font shape `TU/latinmodern-math.otf(2)/m/n' will be
(Font)              scaled to size 10.00092pt on input line 2.
LaTeX Font Info:    Font shape `TU/latinmodern-math.otf(2)/m/n' will be
(Font)              scaled to size 7.00064pt on input line 2.
LaTeX Font Info:    Font shape `TU/latinmodern-math.otf(2)/m/n' will be
(Font)              scaled to size 5.00046pt on input line 2.
LaTeX Font Info:    Font shape `TU/latinmodern-math.otf(3)/m/n' will be
(Font)              scaled to size 9.99893pt on input line 2.
LaTeX Font Info:    Font shape `TU/latinmodern-math.otf(3)/m/n' will be
(Font)              scaled to size 6.99925pt on input line 2.
LaTeX Font Info:    Font shape `TU/latinmodern-math.otf(3)/m/n' will be
(Font)              scaled to size 4.99947pt on input line 2.

Underfull \hbox (badness 1616) in paragraph at lines 28--28
 [] [][]\TU/lmr/bx/n/10 Illustration of Design-Comparable Effect Sizes When No 
 []

[3] [4])
\tf@toc=\write5
\openout5 = `SCD-Methods-Guide.toc'.

[5] [6

] [7]
File: images/flowchart_SynthesizingResults.png Graphic file (type bmp)
<images/flowchart_SynthesizingResults.png>
[8] [9] [10

]
Chapter 1.
[11] [12] [13] [14] [15] [16]
File: images/flowchart_SynthesizingResults.png Graphic file (type bmp)
<images/flowchart_SynthesizingResults.png>

Overfull \hbox (125.13367pt too wide) in paragraph at lines 365--365
[][] 
 []


Overfull \hbox (23.00233pt too wide) has occurred while \output is active
\TU/lmr/m/sl/10 1.8.  SUMMARY OF OPTIONS FOR EFFECT ESTIMATION AND SYNTHESIS \TU/lmr/m/n/10 17
 []

[17] [18] [19] [20]
Chapter 2.
[21

]
Underfull \hbox (badness 1348) in paragraph at lines 451--451
[]\TU/lmr/bx/n/14.4 When to Use Design-Comparable Effect
 []

[22]
Overfull \hbox (7.8645pt too wide) has occurred while \output is active
\TU/lmr/m/sl/10 2.3.  GENERAL DEFINITION OF DESIGN-COMPARABLE EFFECT SIZES \TU/lmr/m/n/10 23
 []

[23]
Missing character: There is no δ (U+03B4) in font [lmroman10-regular]:mapping=tex-text;!
[24]
Overfull \hbox (92.54121pt too wide) has occurred while \output is active
\TU/lmr/m/sl/10 2.4.  WHAT WE ASSUME WHEN WE SYNTHESIZE DESIGN-COMPARABLE EFFECT SIZES \TU/lmr/m/n/10 25
 []

[25] [26]
Underfull \hbox (badness 1028) in paragraph at lines 499--499
[]\TU/lmr/bx/n/12 What We Assume When We Estimate Design-
 []


Overfull \hbox (92.54121pt too wide) has occurred while \output is active
\TU/lmr/m/sl/10 2.4.  WHAT WE ASSUME WHEN WE SYNTHESIZE DESIGN-COMPARABLE EFFECT SIZES \TU/lmr/m/n/10 27
 []

[27]
File: images/Ota-DuPaul-2002.png Graphic file (type bmp)
<images/Ota-DuPaul-2002.png>
[28]
Overfull \hbox (92.54121pt too wide) has occurred while \output is active
\TU/lmr/m/sl/10 2.4.  WHAT WE ASSUME WHEN WE SYNTHESIZE DESIGN-COMPARABLE EFFECT SIZES \TU/lmr/m/n/10 29
 []

[29]
File: images/Rodgers-2020.png Graphic file (type bmp)
<images/Rodgers-2020.png>
[30]
Overfull \hbox (92.54121pt too wide) has occurred while \output is active
\TU/lmr/m/sl/10 2.4.  WHAT WE ASSUME WHEN WE SYNTHESIZE DESIGN-COMPARABLE EFFECT SIZES \TU/lmr/m/n/10 31
 []

[31]
File: images/Rodgers-2020-Denny.jpg Graphic file (type bmp)
<images/Rodgers-2020-Denny.jpg>
[32]
Underfull \hbox (badness 1057) in paragraph at lines 541--541
[]\TU/lmr/bx/n/14.4 Modeling Options for Design-comparable
 []


Underfull \vbox (badness 1331) has occurred while \output is active []


Overfull \hbox (67.73341pt too wide) has occurred while \output is active
\TU/lmr/m/sl/10 2.5.  MODELING OPTIONS FOR DESIGN-COMPARABLE EFFECT SIZE ESTIMATION \TU/lmr/m/n/10 33
 []

[33]
File: images/DC-ES-flow-chart.png Graphic file (type bmp)
<images/DC-ES-flow-chart.png>
[34]
Chapter 3.
[35

] [36]
Overfull \hbox (103.91122pt too wide) has occurred while \output is active
\TU/lmr/m/sl/10 3.1.  SELECTING A DESIGN-COMPARABLE EFFECT SIZE FOR THE SINGLE-CASE STUDIES \TU/lmr/m/n/10 37
 []

[37]
File: images/Case1992.png Graphic file (type bmp)
<images/Case1992.png>
File: images/Peltier2020.png Graphic file (type bmp)
<images/Peltier2020.png>
File: images/Lambert2006.png Graphic file (type bmp)
<images/Lambert2006.png>
[38]
Overfull \hbox (103.91122pt too wide) has occurred while \output is active
\TU/lmr/m/sl/10 3.1.  SELECTING A DESIGN-COMPARABLE EFFECT SIZE FOR THE SINGLE-CASE STUDIES \TU/lmr/m/n/10 39
 []

[39]
File: images/Peltier2020_Asher.png Graphic file (type bmp)
<images/Peltier2020_Asher.png>
[40]
Underfull \vbox (badness 4752) has occurred while \output is active []


Overfull \hbox (86.55011pt too wide) has occurred while \output is active
\TU/lmr/m/sl/10 3.2.  DETAILS OF THE NO TREND MODELS FOR DESIGN-COMPARABLE EFFECT SIZES \TU/lmr/m/n/10 41
 []

[41]
File: images/excel_Case1992.jpeg Graphic file (type bmp)
<images/excel_Case1992.jpeg>
File: images/app.load_Case1992.jpeg Graphic file (type bmp)
<images/app.load_Case1992.jpeg>
File: images/app.inspect.data_Case1992.jpeg Graphic file (type bmp)
<images/app.inspect.data_Case1992.jpeg>
File: images/app.inspect.graph_Case1992.jpeg Graphic file (type bmp)
<images/app.inspect.graph_Case1992.jpeg>
[42]
Overfull \hbox (124.33122pt too wide) has occurred while \output is active
\TU/lmr/m/sl/10 3.3.  ESTIMATING THE DESIGN-COMPARABLE EFFECT SIZE FOR THE SINGLE-CASE STUDIES \TU/lmr/m/n/10 43
 []

[43] [44]
Overfull \hbox (124.33122pt too wide) has occurred while \output is active
\TU/lmr/m/sl/10 3.3.  ESTIMATING THE DESIGN-COMPARABLE EFFECT SIZE FOR THE SINGLE-CASE STUDIES \TU/lmr/m/n/10 45
 []

[45]
File: images/app.model.model2_Case1992.png Graphic file (type bmp)
<images/app.model.model2_Case1992.png>
[46]
File: images/app.ES.model2_Case1992.jpeg Graphic file (type bmp)
<images/app.ES.model2_Case1992.jpeg>
File: images/app.model.model1_Case1992.png Graphic file (type bmp)
<images/app.model.model1_Case1992.png>

Underfull \vbox (badness 10000) has occurred while \output is active []


Overfull \hbox (124.33122pt too wide) has occurred while \output is active
\TU/lmr/m/sl/10 3.3.  ESTIMATING THE DESIGN-COMPARABLE EFFECT SIZE FOR THE SINGLE-CASE STUDIES \TU/lmr/m/n/10 47
 []

[47]
File: images/app.model.model2_Peltier2020.png Graphic file (type bmp)
<images/app.model.model2_Peltier2020.png>
[48]
File: images/app.model.model2_Lambert2006.png Graphic file (type bmp)
<images/app.model.model2_Lambert2006.png>

Overfull \hbox (124.33122pt too wide) has occurred while \output is active
\TU/lmr/m/sl/10 3.3.  ESTIMATING THE DESIGN-COMPARABLE EFFECT SIZE FOR THE SINGLE-CASE STUDIES \TU/lmr/m/n/10 49
 []

[49] [50] [51] [52]
Chapter 4.
[53

]
Overfull \hbox (0.88452pt too wide) has occurred while \output is active
\TU/lmr/m/n/10 54 \TU/lmr/m/sl/10 CHAPTER 4.  ILLUSTRATION OF D-CES WITH TREATMENT TRENDS
 []

[54]
File: images/DelemereDounavi2018_MartinAllenJohn.png Graphic file (type bmp)
<images/DelemereDounavi2018_MartinAllenJohn.png>
File: images/DelemereDounavi2018_NiahmMaryThomas.png Graphic file (type bmp)
<images/DelemereDounavi2018_NiahmMaryThomas.png>
File: images/Gunning&Espie2003.png Graphic file (type bmp)
<images/Gunning&Espie2003.png>

Overfull \hbox (103.91122pt too wide) has occurred while \output is active
\TU/lmr/m/sl/10 4.1.  SELECTING A DESIGN-COMPARABLE EFFECT SIZE FOR THE SINGLE-CASE STUDIES \TU/lmr/m/n/10 55
 []

[55]
Overfull \hbox (0.88452pt too wide) has occurred while \output is active
\TU/lmr/m/n/10 56 \TU/lmr/m/sl/10 CHAPTER 4.  ILLUSTRATION OF D-CES WITH TREATMENT TRENDS
 []

[56]
Overfull \hbox (103.91122pt too wide) has occurred while \output is active
\TU/lmr/m/sl/10 4.1.  SELECTING A DESIGN-COMPARABLE EFFECT SIZE FOR THE SINGLE-CASE STUDIES \TU/lmr/m/n/10 57
 []

[57]
Overfull \hbox (0.88452pt too wide) has occurred while \output is active
\TU/lmr/m/n/10 58 \TU/lmr/m/sl/10 CHAPTER 4.  ILLUSTRATION OF D-CES WITH TREATMENT TRENDS
 []

[58]
Overfull \hbox (2.9615pt too wide) in paragraph at lines 803--803
[]\TU/lmr/bx/n/14.4 Details of the Models for Design-Comparable
 []

File: images/DelemereDounavi2018_Martin.png Graphic file (type bmp)
<images/DelemereDounavi2018_Martin.png>

Overfull \hbox (30.3023pt too wide) has occurred while \output is active
\TU/lmr/m/sl/10 4.2.  DETAILS OF THE MODELS FOR DESIGN-COMPARABLE EFFECT SIZES \TU/lmr/m/n/10 59
 []

[59]
Overfull \hbox (0.88452pt too wide) has occurred while \output is active
\TU/lmr/m/n/10 60 \TU/lmr/m/sl/10 CHAPTER 4.  ILLUSTRATION OF D-CES WITH TREATMENT TRENDS
 []

[60]
Overfull \hbox (277.63289pt too wide) detected at line 842
[][][][][] [] [][] [] [][][][][] [] [][][][][] [] [][][][][][] [] [][] [] [][] [] [][][] [][] [] [][][] [] [][][][][][][][][][][][][][][][][][][][][][][][][][][][][][][][][][][][][][][][][][][][][][][][][][][][][][][][][][][][][][][] [] [] []
 []


Overfull \hbox (30.3023pt too wide) has occurred while \output is active
\TU/lmr/m/sl/10 4.2.  DETAILS OF THE MODELS FOR DESIGN-COMPARABLE EFFECT SIZES \TU/lmr/m/n/10 61
 []

[61]
File: images/excel_GunningEspie2003.png Graphic file (type bmp)
<images/excel_GunningEspie2003.png>
File: images/app.load_GunningEspie2003.png Graphic file (type bmp)
<images/app.load_GunningEspie2003.png>

Overfull \hbox (0.88452pt too wide) has occurred while \output is active
\TU/lmr/m/n/10 62 \TU/lmr/m/sl/10 CHAPTER 4.  ILLUSTRATION OF D-CES WITH TREATMENT TRENDS
 []

[62]
Overfull \hbox (124.33122pt too wide) has occurred while \output is active
\TU/lmr/m/sl/10 4.3.  ESTIMATING THE DESIGN-COMPARABLE EFFECT SIZE FOR THE SINGLE-CASE STUDIES \TU/lmr/m/n/10 63
 []

[63]
File: images/app.inspect.data_GunningEspie2003.png Graphic file (type bmp)
<images/app.inspect.data_GunningEspie2003.png>
File: images/app.inspect.graph_GunningEspie2003.png Graphic file (type bmp)
<images/app.inspect.graph_GunningEspie2003.png>

Overfull \hbox (0.88452pt too wide) has occurred while \output is active
\TU/lmr/m/n/10 64 \TU/lmr/m/sl/10 CHAPTER 4.  ILLUSTRATION OF D-CES WITH TREATMENT TRENDS
 []

[64]
Overfull \hbox (124.33122pt too wide) has occurred while \output is active
\TU/lmr/m/sl/10 4.3.  ESTIMATING THE DESIGN-COMPARABLE EFFECT SIZE FOR THE SINGLE-CASE STUDIES \TU/lmr/m/n/10 65
 []

[65]
Overfull \hbox (0.88452pt too wide) has occurred while \output is active
\TU/lmr/m/n/10 66 \TU/lmr/m/sl/10 CHAPTER 4.  ILLUSTRATION OF D-CES WITH TREATMENT TRENDS
 []

[66]
File: images/app.model.model4_GunningEspie2003.png Graphic file (type bmp)
<images/app.model.model4_GunningEspie2003.png>

Overfull \hbox (124.33122pt too wide) has occurred while \output is active
\TU/lmr/m/sl/10 4.3.  ESTIMATING THE DESIGN-COMPARABLE EFFECT SIZE FOR THE SINGLE-CASE STUDIES \TU/lmr/m/n/10 67
 []

[67]
File: images/app.ES.model4_GunningEspie2003.png Graphic file (type bmp)
<images/app.ES.model4_GunningEspie2003.png>

Overfull \hbox (0.88452pt too wide) has occurred while \output is active
\TU/lmr/m/n/10 68 \TU/lmr/m/sl/10 CHAPTER 4.  ILLUSTRATION OF D-CES WITH TREATMENT TRENDS
 []

[68]
File: images/app.model.model4_DelemereDounavi2018.png Graphic file (type bmp)
<images/app.model.model4_DelemereDounavi2018.png>

Overfull \hbox (124.33122pt too wide) has occurred while \output is active
\TU/lmr/m/sl/10 4.3.  ESTIMATING THE DESIGN-COMPARABLE EFFECT SIZE FOR THE SINGLE-CASE STUDIES \TU/lmr/m/n/10 69
 []

[69]
File: images/app.model.model3_DelemereDounavi2018.png Graphic file (type bmp)
<images/app.model.model3_DelemereDounavi2018.png>

Overfull \hbox (0.88452pt too wide) has occurred while \output is active
\TU/lmr/m/n/10 70 \TU/lmr/m/sl/10 CHAPTER 4.  ILLUSTRATION OF D-CES WITH TREATMENT TRENDS
 []

[70]
Underfull \vbox (badness 10000) has occurred while \output is active []


Overfull \hbox (93.35123pt too wide) has occurred while \output is active
\TU/lmr/m/sl/10 4.4.  ESTIMATING THE DESIGN-COMPARABLE EFFECT SIZE FOR THE GROUP STUDIES \TU/lmr/m/n/10 71
 []

[71]
Overfull \hbox (0.88452pt too wide) has occurred while \output is active
\TU/lmr/m/n/10 72 \TU/lmr/m/sl/10 CHAPTER 4.  ILLUSTRATION OF D-CES WITH TREATMENT TRENDS
 []

[72] [73]
Overfull \hbox (0.88452pt too wide) has occurred while \output is active
\TU/lmr/m/n/10 74 \TU/lmr/m/sl/10 CHAPTER 4.  ILLUSTRATION OF D-CES WITH TREATMENT TRENDS
 []

[74

]
Chapter 5.
[75] [76]
File: images/Datchuk2016.png Graphic file (type bmp)
<images/Datchuk2016.png>
File: images/Rodgers2020.png Graphic file (type bmp)
<images/Rodgers2020.png>

Overfull \hbox (2.9615pt too wide) in paragraph at lines 1018--1018
[]\TU/lmr/bx/n/14.4 Details of the Models for Design-Comparable
 []


Overfull \hbox (30.3023pt too wide) has occurred while \output is active
\TU/lmr/m/sl/10 5.2.  DETAILS OF THE MODELS FOR DESIGN-COMPARABLE EFFECT SIZES \TU/lmr/m/n/10 77
 []

[77] [78]
Overfull \hbox (30.3023pt too wide) has occurred while \output is active
\TU/lmr/m/sl/10 5.2.  DETAILS OF THE MODELS FOR DESIGN-COMPARABLE EFFECT SIZES \TU/lmr/m/n/10 79
 []

[79]
File: images/Datchuk2016_Danyell.png Graphic file (type bmp)
<images/Datchuk2016_Danyell.png>
[80]
Overfull \hbox (30.3023pt too wide) has occurred while \output is active
\TU/lmr/m/sl/10 5.2.  DETAILS OF THE MODELS FOR DESIGN-COMPARABLE EFFECT SIZES \TU/lmr/m/n/10 81
 []

[81] [82]
Overfull \hbox (124.33122pt too wide) has occurred while \output is active
\TU/lmr/m/sl/10 5.3.  ESTIMATING THE DESIGN-COMPARABLE EFFECT SIZE FOR THE SINGLE-CASE STUDIES \TU/lmr/m/n/10 83
 []

[83]
File: images/Datchuk2016_Danyell.png Graphic file (type bmp)
<images/Datchuk2016_Danyell.png>
File: images/app.load_Datchuk2016.png Graphic file (type bmp)
<images/app.load_Datchuk2016.png>
File: images/app.inspect.data_Datchuk2016.png Graphic file (type bmp)
<images/app.inspect.data_Datchuk2016.png>
File: images/app.inspect.graph_Datchuk2016.png Graphic file (type bmp)
<images/app.inspect.graph_Datchuk2016.png>
[84]
File: images/app.model.model6_Datchuk2016.png Graphic file (type bmp)
<images/app.model.model6_Datchuk2016.png>

Overfull \hbox (124.33122pt too wide) has occurred while \output is active
\TU/lmr/m/sl/10 5.3.  ESTIMATING THE DESIGN-COMPARABLE EFFECT SIZE FOR THE SINGLE-CASE STUDIES \TU/lmr/m/n/10 85
 []

[85] [86]
Overfull \hbox (124.33122pt too wide) has occurred while \output is active
\TU/lmr/m/sl/10 5.3.  ESTIMATING THE DESIGN-COMPARABLE EFFECT SIZE FOR THE SINGLE-CASE STUDIES \TU/lmr/m/n/10 87
 []

[87]
File: images/app.ES.model6_Datchuk2016.png Graphic file (type bmp)
<images/app.ES.model6_Datchuk2016.png>
[88]
File: images/app.model.model5_Datchuk2016.png Graphic file (type bmp)
<images/app.model.model5_Datchuk2016.png>

Overfull \hbox (124.33122pt too wide) has occurred while \output is active
\TU/lmr/m/sl/10 5.3.  ESTIMATING THE DESIGN-COMPARABLE EFFECT SIZE FOR THE SINGLE-CASE STUDIES \TU/lmr/m/n/10 89
 []

[89]
File: images/app.model.model6_Rodgers2020.png Graphic file (type bmp)
<images/app.model.model6_Rodgers2020.png>
[90]
File: images/app.model.model5_Rodgers2020.png Graphic file (type bmp)
<images/app.model.model5_Rodgers2020.png>

Overfull \hbox (84.59122pt too wide) has occurred while \output is active
\TU/lmr/m/sl/10 5.4.  ESTIMATING THE DESIGN-COMPARABLE EFFECT SIZE FOR THE GROUP STUDY \TU/lmr/m/n/10 91
 []

[91]
Underfull \vbox (badness 10000) has occurred while \output is active []

[92] [93] [94]
Chapter 6.
[95

]
Underfull \vbox (badness 1331) has occurred while \output is active []

[96]
Overfull \hbox (23.83014pt too wide) has occurred while \output is active
\TU/lmr/m/sl/10 6.3.  WHAT WE ASSUME WITH MULTILEVEL MODELS OF THE RAW DATA \TU/lmr/m/n/10 97
 []

[97]
File: images/Ota.DuPaul2002.png Graphic file (type bmp)
<images/Ota.DuPaul2002.png>

LaTeX Warning: Float too large for page by 22.0203pt on input line 1299.

[98]
Overfull \hbox (23.83014pt too wide) has occurred while \output is active
\TU/lmr/m/sl/10 6.3.  WHAT WE ASSUME WITH MULTILEVEL MODELS OF THE RAW DATA \TU/lmr/m/n/10 99
 []

[99] [100]
Overfull \hbox (28.83014pt too wide) has occurred while \output is active
\TU/lmr/m/sl/10 6.3.  WHAT WE ASSUME WITH MULTILEVEL MODELS OF THE RAW DATA \TU/lmr/m/n/10 101
 []

[101] [102] [103] [104]
Overfull \hbox (96.13342pt too wide) has occurred while \output is active
\TU/lmr/m/sl/10 6.5.  MULTILEVEL MODELING OPTIONS FOR SYNTHESIZING SINGLE-CASE RESEARCH \TU/lmr/m/n/10 105
 []

[105]
File: images/flowchart_MLMApproach.png Graphic file (type bmp)
<images/flowchart_MLMApproach.png>
[106]
Chapter 7.
[107

] [108]
File: images/Gage2018.png Graphic file (type bmp)
<images/Gage2018.png>
File: images/CollierMeek2017.png Graphic file (type bmp)
<images/CollierMeek2017.png>
File: images/CollierMeek2017.png Graphic file (type bmp)
<images/CollierMeek2017.png>
File: images/Knochel2021.png Graphic file (type bmp)
<images/Knochel2021.png>

LaTeX Warning: Float too large for page by 36.51248pt on input line 1475.


Overfull \hbox (32.72235pt too wide) has occurred while \output is active
\TU/lmr/m/sl/10 7.1.  SELECTING A MULTILEVEL MODEL FOR THE SINGLE-CASE STUDIES \TU/lmr/m/n/10 109
 []

[109] [110]
Overfull \hbox (32.72235pt too wide) has occurred while \output is active
\TU/lmr/m/sl/10 7.1.  SELECTING A MULTILEVEL MODEL FOR THE SINGLE-CASE STUDIES \TU/lmr/m/n/10 111
 []

[111] [112]
Overfull \hbox (32.72235pt too wide) has occurred while \output is active
\TU/lmr/m/sl/10 7.1.  SELECTING A MULTILEVEL MODEL FOR THE SINGLE-CASE STUDIES \TU/lmr/m/n/10 113
 []

[113] [114]
File: images/Knochel2021_Sacrament.png Graphic file (type bmp)
<images/Knochel2021_Sacrament.png>
[115] [116]
File: images/excel_BSP.png Graphic file (type bmp)
<images/excel_BSP.png>

Overfull \hbox (114.60016pt too wide) has occurred while \output is active
\TU/lmr/m/sl/10 7.3.  ESTIMATING A MULTILEVEL MODEL FOR THE BEHAVIOR SPECIFIC PRAISE STUDIES \TU/lmr/m/n/10 117
 []

[117] [118]
File: images/raw_txt.file_BSP.png Graphic file (type bmp)
<images/raw_txt.file_BSP.png>

LaTeX Warning: Reference `(' on page 119 undefined on input line 1584.

File: images/multiSCED.homepage.png Graphic file (type bmp)
<images/multiSCED.homepage.png>

Overfull \hbox (114.60016pt too wide) has occurred while \output is active
\TU/lmr/m/sl/10 7.3.  ESTIMATING A MULTILEVEL MODEL FOR THE BEHAVIOR SPECIFIC PRAISE STUDIES \TU/lmr/m/n/10 119
 []

[119] [120]
File: images/MultiSCED_input.datafile.png Graphic file (type bmp)
<images/MultiSCED_input.datafile.png>
File: images/MultiSCED_input.variables_BSP.png Graphic file (type bmp)
<images/MultiSCED_input.variables_BSP.png>

Overfull \hbox (114.60016pt too wide) has occurred while \output is active
\TU/lmr/m/sl/10 7.3.  ESTIMATING A MULTILEVEL MODEL FOR THE BEHAVIOR SPECIFIC PRAISE STUDIES \TU/lmr/m/n/10 121
 []

[121]
File: images/MultiSCED_input.datasummary_BSP.png Graphic file (type bmp)
<images/MultiSCED_input.datasummary_BSP.png>
File: images/MultiSCED_model.modelspec_BSP.png Graphic file (type bmp)
<images/MultiSCED_model.modelspec_BSP.png>
[122]
Overfull \hbox (114.60016pt too wide) has occurred while \output is active
\TU/lmr/m/sl/10 7.3.  ESTIMATING A MULTILEVEL MODEL FOR THE BEHAVIOR SPECIFIC PRAISE STUDIES \TU/lmr/m/n/10 123
 []

[123]
File: images/MultiSCED_3level.png Graphic file (type bmp)
<images/MultiSCED_3level.png>
[124]
Overfull \hbox (114.60016pt too wide) has occurred while \output is active
\TU/lmr/m/sl/10 7.3.  ESTIMATING A MULTILEVEL MODEL FOR THE BEHAVIOR SPECIFIC PRAISE STUDIES \TU/lmr/m/n/10 125
 []

[125]
LaTeX Font Info:    Font shape `TU/lmtt/bx/n' in size <10> not available
(Font)              Font shape `TU/lmtt/b/n' tried instead on input line 1666.
[126]
Overfull \vbox (0.57994pt too high) detected at line 1760
 []

[127] [128]
Chapter 8.
[129

] [130]
Underfull \vbox (badness 1331) has occurred while \output is active []


Overfull \hbox (32.72235pt too wide) has occurred while \output is active
\TU/lmr/m/sl/10 8.1.  SELECTING A MULTILEVEL MODEL FOR THE SINGLE-CASE STUDIES \TU/lmr/m/n/10 131
 []

[131]
File: images/Walker2005.png Graphic file (type bmp)
<images/Walker2005.png>
File: images/Walker2007.png Graphic file (type bmp)
<images/Walker2007.png>
File: images/Stotz2008.png Graphic file (type bmp)
<images/Stotz2008.png>
File: images/Lewandowski2011.png Graphic file (type bmp)
<images/Lewandowski2011.png>
[132]
Overfull \hbox (32.72235pt too wide) has occurred while \output is active
\TU/lmr/m/sl/10 8.1.  SELECTING A MULTILEVEL MODEL FOR THE SINGLE-CASE STUDIES \TU/lmr/m/n/10 133
 []

[133] [134]
Overfull \hbox (32.72235pt too wide) has occurred while \output is active
\TU/lmr/m/sl/10 8.1.  SELECTING A MULTILEVEL MODEL FOR THE SINGLE-CASE STUDIES \TU/lmr/m/n/10 135
 []

[135] [136]
Underfull \vbox (badness 10000) has occurred while \output is active []


Overfull \hbox (32.72235pt too wide) has occurred while \output is active
\TU/lmr/m/sl/10 8.1.  SELECTING A MULTILEVEL MODEL FOR THE SINGLE-CASE STUDIES \TU/lmr/m/n/10 137
 []

[137]
File: images/Walker2005_Darren.png Graphic file (type bmp)
<images/Walker2005_Darren.png>
[138] [139] [140]
File: images/excel_Lewandowski2011.png Graphic file (type bmp)
<images/excel_Lewandowski2011.png>

Overfull \hbox (170.49016pt too wide) has occurred while \output is active
\TU/lmr/m/sl/10 8.3.  ESTIMATING THE MULTILEVEL MODEL FOR THE INCLUDED WRITING INTERVENTION STUDIES \TU/lmr/m/n/10 141
 []

[141]
File: images/raw_txt.file_Lewandowski2011.png Graphic file (type bmp)
<images/raw_txt.file_Lewandowski2011.png>
File: images/multiSCED.homepage.png Graphic file (type bmp)
<images/multiSCED.homepage.png>
[142]
Overfull \hbox (170.49016pt too wide) has occurred while \output is active
\TU/lmr/m/sl/10 8.3.  ESTIMATING THE MULTILEVEL MODEL FOR THE INCLUDED WRITING INTERVENTION STUDIES \TU/lmr/m/n/10 143
 []

[143]
File: images/MultiSCED_input.datafile.png Graphic file (type bmp)
<images/MultiSCED_input.datafile.png>
File: images/MultiSCED_input.variables_Lewandowski2011.png Graphic file (type bmp)
<images/MultiSCED_input.variables_Lewandowski2011.png>
[144]
File: images/MultiSCED_input.datasummary_Lewandowski2011.png Graphic file (type bmp)
<images/MultiSCED_input.datasummary_Lewandowski2011.png>

Overfull \hbox (170.49016pt too wide) has occurred while \output is active
\TU/lmr/m/sl/10 8.3.  ESTIMATING THE MULTILEVEL MODEL FOR THE INCLUDED WRITING INTERVENTION STUDIES \TU/lmr/m/n/10 145
 []

[145]
File: images/MultiSCED_model.modelspec_Lewandowski2011.png Graphic file (type bmp)
<images/MultiSCED_model.modelspec_Lewandowski2011.png>
File: images/MultiSCED_3level_Lewandowski2011.png Graphic file (type bmp)
<images/MultiSCED_3level_Lewandowski2011.png>
[146]
Overfull \hbox (170.49016pt too wide) has occurred while \output is active
\TU/lmr/m/sl/10 8.3.  ESTIMATING THE MULTILEVEL MODEL FOR THE INCLUDED WRITING INTERVENTION STUDIES \TU/lmr/m/n/10 147
 []

[147] [148]
File: images/MultiSCED_model.modelspec_simpler_Lewandowski2011.png Graphic file (type bmp)
<images/MultiSCED_model.modelspec_simpler_Lewandowski2011.png>
File: images/MultiSCED_3level_simpler_Lewandowski2011.png Graphic file (type bmp)
<images/MultiSCED_3level_simpler_Lewandowski2011.png>

Overfull \hbox (170.49016pt too wide) has occurred while \output is active
\TU/lmr/m/sl/10 8.3.  ESTIMATING THE MULTILEVEL MODEL FOR THE INCLUDED WRITING INTERVENTION STUDIES \TU/lmr/m/n/10 149
 []

[149] [150]
Chapter 9.
[151

] [152]
Underfull \hbox (badness 4686) in paragraph at lines 2018--2018
[]\TU/lmr/bx/n/14.4 Assumptions and Limitations of Case-
 []


Overfull \hbox (29.81343pt too wide) has occurred while \output is active
\TU/lmr/m/sl/10 9.3.  ASSUMPTIONS AND LIMITATIONS OF CASE-SPECIFIC EFFECT SIZES \TU/lmr/m/n/10 153
 []

[153] [154]
File: images/Knochel2021.png Graphic file (type bmp)
<images/Knochel2021.png>

LaTeX Warning: Float too large for page by 36.51248pt on input line 2038.

File: images/Rodgers-2020-Denny.jpg Graphic file (type bmp)
<images/Rodgers-2020-Denny.jpg>
[155] [156]
Overfull \hbox (67.59344pt too wide) has occurred while \output is active
\TU/lmr/m/sl/10 9.5.  ASSUMPTIONS AND LIMITATIONS OF STANDARDIZED MEAN DIFFERENCES \TU/lmr/m/n/10 157
 []

[157]
File: images/raw_GevarterHoran2019.png Graphic file (type bmp)
<images/raw_GevarterHoran2019.png>
[158]
Overfull \hbox (67.59344pt too wide) has occurred while \output is active
\TU/lmr/m/sl/10 9.5.  ASSUMPTIONS AND LIMITATIONS OF STANDARDIZED MEAN DIFFERENCES \TU/lmr/m/n/10 159
 []

[159] [160]
Overfull \hbox (185.86905pt too wide) has occurred while \output is active
\TU/lmr/m/sl/10 9.6.  ASSUMPTIONS AND LIMITATIONS OF PERCENTAGE CHANGE INDICES AND LOG RESPONSE RATIOS \TU/lmr/m/n/10 161
 []

[161]
Underfull \vbox (badness 10000) has occurred while \output is active []

[162]
Overfull \hbox (32.64233pt too wide) has occurred while \output is active
\TU/lmr/m/sl/10 9.7.  ASSUMPTIONS AND LIMITATIONS OF PERCENT OF GOAL OBTAINED \TU/lmr/m/n/10 163
 []

[163] [164]
File: images/flowchart_CaseSpecificES.jpeg Graphic file (type bmp)
<images/flowchart_CaseSpecificES.jpeg>

Overfull \hbox (116.20232pt too wide) has occurred while \output is active
\TU/lmr/m/sl/10 9.8.  CASE-SPECIFIC EFFECT SIZE OPTIONS FOR SYNTHESIZING SINGLE-CASE RESEARCH \TU/lmr/m/n/10 165
 []

[165] [166]
Overfull \hbox (116.20232pt too wide) has occurred while \output is active
\TU/lmr/m/sl/10 9.8.  CASE-SPECIFIC EFFECT SIZE OPTIONS FOR SYNTHESIZING SINGLE-CASE RESEARCH \TU/lmr/m/n/10 167
 []

[167] [168

]
Chapter 10.

Overfull \hbox (56.2408pt too wide) detected at line 2133
[][][][] [][][][][][] [][][][][][][][][] [][][][][][][][][] [] [] [] [][][]
 []

[169] [170]
File: images/Byiers2014.png Graphic file (type bmp)
<images/Byiers2014.png>
File: images/Casey1978.jpeg Graphic file (type bmp)
<images/Casey1978.jpeg>
File: images/StrasbergerFerreri2014.png Graphic file (type bmp)
<images/StrasbergerFerreri2014.png>

Underfull \vbox (badness 1331) has occurred while \output is active []


Overfull \hbox (72.59233pt too wide) has occurred while \output is active
\TU/lmr/m/sl/10 10.1.  SELECTING CASE-SPECIFIC EFFECT SIZES FOR THE SINGLE-CASE STUDIES \TU/lmr/m/n/10 171
 []

[171] [172]
Overfull \hbox (72.59233pt too wide) has occurred while \output is active
\TU/lmr/m/sl/10 10.1.  SELECTING CASE-SPECIFIC EFFECT SIZES FOR THE SINGLE-CASE STUDIES \TU/lmr/m/n/10 173
 []

[173] [174]
Overfull \hbox (194.58904pt too wide) has occurred while \output is active
\TU/lmr/m/sl/10 10.2.  ESTIMATING THE CASE-SPECIFIC EFFECT SIZES FOR THE INCLUDED AAC INTERVENTION STUDIES \TU/lmr/m/n/10 175
 []

[175]
File: images/excel_multistudy.jpg Graphic file (type bmp)
<images/excel_multistudy.jpg>
[176]
Overfull \hbox (194.58904pt too wide) has occurred while \output is active
\TU/lmr/m/sl/10 10.2.  ESTIMATING THE CASE-SPECIFIC EFFECT SIZES FOR THE INCLUDED AAC INTERVENTION STUDIES \TU/lmr/m/n/10 177
 []

[177]
File: images/SCDES.png Graphic file (type bmp)
<images/SCDES.png>
File: images/multiseries_data.1.png Graphic file (type bmp)
<images/multiseries_data.1.png>
[178]
File: images/multiseries_data.2.png Graphic file (type bmp)
<images/multiseries_data.2.png>

Underfull \vbox (badness 3375) has occurred while \output is active []


Overfull \hbox (194.58904pt too wide) has occurred while \output is active
\TU/lmr/m/sl/10 10.2.  ESTIMATING THE CASE-SPECIFIC EFFECT SIZES FOR THE INCLUDED AAC INTERVENTION STUDIES \TU/lmr/m/n/10 179
 []

[179]
File: images/multiseries_variables_empty.png Graphic file (type bmp)
<images/multiseries_variables_empty.png>
[180]
Overfull \hbox (194.58904pt too wide) has occurred while \output is active
\TU/lmr/m/sl/10 10.2.  ESTIMATING THE CASE-SPECIFIC EFFECT SIZES FOR THE INCLUDED AAC INTERVENTION STUDIES \TU/lmr/m/n/10 181
 []

[181]
File: images/multiseries_variables_filled.jpeg Graphic file (type bmp)
<images/multiseries_variables_filled.jpeg>
File: images/multiseries_plot.jpg Graphic file (type bmp)
<images/multiseries_plot.jpg>
[182]
File: images/multiseries_estimate_empty.png Graphic file (type bmp)
<images/multiseries_estimate_empty.png>

Overfull \hbox (194.58904pt too wide) has occurred while \output is active
\TU/lmr/m/sl/10 10.2.  ESTIMATING THE CASE-SPECIFIC EFFECT SIZES FOR THE INCLUDED AAC INTERVENTION STUDIES \TU/lmr/m/n/10 183
 []

[183] [184]
File: images/multiseries_estimate_filled.png Graphic file (type bmp)
<images/multiseries_estimate_filled.png>

Overfull \hbox (194.58904pt too wide) has occurred while \output is active
\TU/lmr/m/sl/10 10.2.  ESTIMATING THE CASE-SPECIFIC EFFECT SIZES FOR THE INCLUDED AAC INTERVENTION STUDIES \TU/lmr/m/n/10 185
 []

[185]
File: images/multiseries_ES.Results.png Graphic file (type bmp)
<images/multiseries_ES.Results.png>
[186]
File: images/multiseries_Rsyntax.png Graphic file (type bmp)
<images/multiseries_Rsyntax.png>
[187] [188]
Overfull \hbox (188.96794pt too wide) has occurred while \output is active
\TU/lmr/m/sl/10 10.4.  EXAMINING THE ALIGNMENT OF THE CASE-SPECIFIC EFFECT SIZES WITH OUR VISUAL ANALYSIS \TU/lmr/m/n/10 189
 []

[189] [190]
Overfull \hbox (188.96794pt too wide) has occurred while \output is active
\TU/lmr/m/sl/10 10.4.  EXAMINING THE ALIGNMENT OF THE CASE-SPECIFIC EFFECT SIZES WITH OUR VISUAL ANALYSIS \TU/lmr/m/n/10 191
 []

[191] [192]
Overfull \hbox (188.96794pt too wide) has occurred while \output is active
\TU/lmr/m/sl/10 10.4.  EXAMINING THE ALIGNMENT OF THE CASE-SPECIFIC EFFECT SIZES WITH OUR VISUAL ANALYSIS \TU/lmr/m/n/10 193
 []

[193] [194] [195


] [196] [197] [198] [199] (./SCD-Methods-Guide.bbl [200] [201

] [202] [203] [204] [205] [206] [207] [208] [209] [210] [211]) [212] (./SCD-Methods-Guide.aux)
 ***********
LaTeX2e <2023-11-01>
L3 programming layer <2024-01-04>
 ***********

LaTeX Warning: There were undefined references.

Package rerunfilecheck Info: File `SCD-Methods-Guide.out' has not changed.
(rerunfilecheck)             Checksum: C3165F521F447134C2DA2889822415E8;22329.
 ) 
Here is how much of TeX's memory you used:
 21403 strings out of 476828
 428999 string characters out of 5803154
 1945177 words of memory out of 5000000
 42974 multiletter control sequences out of 15000+600000
 564690 words of font info for 98 fonts, out of 8000000 for 9000
 14 hyphenation exceptions out of 8191
 90i,12n,120p,2487b,700s stack positions out of 10000i,1000n,20000p,200000b,200000s

Output written on SCD-Methods-Guide.pdf (212 pages).
